# JRE version: Java(TM) SE Runtime Environment (9.0+11) (build 9.0.4+11)
# Java VM: Java HotSpot(TM) 64-Bit Server VM (9.0.4+11, mixed mode, tiered, compressed oops, g1 gc, linux-amd64)
Heap:
 garbage-first heap   total 418816K, used 266415K [0x000000008c000000, 0x000000008c100cc8, 0x0000000100000000)
  region size 1024K, 225 young (230400K), 16 survivors (16384K)
 Metaspace       used 46662K, capacity 48258K, committed 48636K, reserved 1091584K
  class space    used 5809K, capacity 6099K, committed 6140K, reserved 1048576K
GC Heap History (10 events):
Event: 12,887 GC heap before
{Heap before GC invocations=12 (full 0):
 garbage-first heap   total 418816K, used 272246K [0x000000008c000000, 0x000000008c100cc8, 0x0000000100000000)
  region size 1024K, 245 young (250880K), 12 survivors (12288K)
 Metaspace       used 41531K, capacity 43026K, committed 43388K, reserved 1087488K
  class space    used 5136K, capacity 5403K, committed 5500K, reserved 1048576K
}
Event: 12,912 GC heap after
{Heap after GC invocations=13 (full 0):
 garbage-first heap   total 418816K, used 45942K [0x000000008c000000, 0x000000008c100cc8, 0x0000000100000000)
  region size 1024K, 24 young (24576K), 24 survivors (24576K)
 Metaspace       used 41531K, capacity 43026K, committed 43388K, reserved 1087488K
  class space    used 5136K, capacity 5403K, committed 5500K, reserved 1048576K
}
Event: 14,464 GC heap before
{Heap before GC invocations=13 (full 0):
 garbage-first heap   total 418816K, used 272246K [0x000000008c000000, 0x000000008c100cc8, 0x0000000100000000)
  region size 1024K, 245 young (250880K), 24 survivors (24576K)
 Metaspace       used 43325K, capacity 44850K, committed 45180K, reserved 1089536K
  class space    used 5367K, capacity 5675K, committed 5756K, reserved 1048576K
}
Event: 14,503 GC heap after
{Heap after GC invocations=14 (full 0):
 garbage-first heap   total 418816K, used 42099K [0x000000008c000000, 0x000000008c100cc8, 0x0000000100000000)
  region size 1024K, 11 young (11264K), 11 survivors (11264K)
 Metaspace       used 43325K, capacity 44850K, committed 45180K, reserved 1089536K
  class space    used 5367K, capacity 5675K, committed 5756K, reserved 1048576K
}
Event: 15,838 GC heap before
{Heap before GC invocations=14 (full 0):
 garbage-first heap   total 418816K, used 281715K [0x000000008c000000, 0x000000008c100cc8, 0x0000000100000000)
  region size 1024K, 245 young (250880K), 11 survivors (11264K)
 Metaspace       used 43529K, capacity 45042K, committed 45180K, reserved 1089536K
  class space    used 5391K, capacity 5675K, committed 5756K, reserved 1048576K
}
Event: 15,861 GC heap after
{Heap after GC invocations=15 (full 0):
 garbage-first heap   total 418816K, used 41587K [0x000000008c000000, 0x000000008c100cc8, 0x0000000100000000)
  region size 1024K, 11 young (11264K), 11 survivors (11264K)
 Metaspace       used 43529K, capacity 45042K, committed 45180K, reserved 1089536K
  class space    used 5391K, capacity 5675K, committed 5756K, reserved 1048576K
}
Event: 17,423 GC heap before
{Heap before GC invocations=15 (full 0):
 garbage-first heap   total 418816K, used 281203K [0x000000008c000000, 0x000000008c100cc8, 0x0000000100000000)
  region size 1024K, 245 young (250880K), 11 survivors (11264K)
 Metaspace       used 45001K, capacity 46570K, committed 46972K, reserved 1089536K
  class space    used 5599K, capacity 5903K, committed 6012K, reserved 1048576K
}
Event: 17,457 GC heap after
{Heap after GC invocations=16 (full 0):
 garbage-first heap   total 418816K, used 51827K [0x000000008c000000, 0x000000008c100cc8, 0x0000000100000000)
  region size 1024K, 21 young (21504K), 21 survivors (21504K)
 Metaspace       used 45001K, capacity 46570K, committed 46972K, reserved 1089536K
  class space    used 5599K, capacity 5903K, committed 6012K, reserved 1048576K
}
Event: 18,829 GC heap before
{Heap before GC invocations=16 (full 0):
 garbage-first heap   total 418816K, used 281203K [0x000000008c000000, 0x000000008c100cc8, 0x0000000100000000)
  region size 1024K, 245 young (250880K), 21 survivors (21504K)
 Metaspace       used 45945K, capacity 47516K, committed 47740K, reserved 1091584K
  class space    used 5707K, capacity 6002K, committed 6012K, reserved 1048576K
}
Event: 18,868 GC heap after
{Heap after GC invocations=17 (full 0):
 garbage-first heap   total 418816K, used 53423K [0x000000008c000000, 0x000000008c100cc8, 0x0000000100000000)
  region size 1024K, 16 young (16384K), 16 survivors (16384K)
 Metaspace       used 45945K, capacity 47516K, committed 47740K, reserved 1091584K
  class space    used 5707K, capacity 6002K, committed 6012K, reserved 1048576K
}

