# JRE version: Java(TM) SE Runtime Environment (8.0_121-b13) (build 1.8.0_121-b13)
# Java VM: Java HotSpot(TM) 64-Bit Server VM (25.121-b13 mixed mode linux-amd64 compressed oops)
Heap:
 PSYoungGen      total 149504K, used 106993K [0x00000000d9500000, 0x00000000e5680000, 0x0000000100000000)
  eden space 139264K, 76% used [0x00000000d9500000,0x00000000dfd7c6d8,0x00000000e1d00000)
  from space 10240K, 0% used [0x00000000e2a00000,0x00000000e2a00000,0x00000000e3400000)
  to   space 13312K, 0% used [0x00000000e1d00000,0x00000000e1d00000,0x00000000e2a00000)
 ParOldGen       total 101376K, used 23591K [0x000000008be00000, 0x0000000092100000, 0x00000000d9500000)
  object space 101376K, 23% used [0x000000008be00000,0x000000008d509c20,0x0000000092100000)
 Metaspace       used 42368K, capacity 42812K, committed 43264K, reserved 1087488K
  class space    used 5494K, capacity 5605K, committed 5632K, reserved 1048576K
GC Heap History (10 events):
Event: 4,653 GC heap before
{Heap before GC invocations=6 (full 1):
 PSYoungGen      total 66048K, used 4597K [0x00000000d9500000, 0x00000000e2000000, 0x0000000100000000)
  eden space 61440K, 0% used [0x00000000d9500000,0x00000000d9500000,0x00000000dd100000)
  from space 4608K, 99% used [0x00000000dd100000,0x00000000dd57d780,0x00000000dd580000)
  to   space 9728K, 0% used [0x00000000e1680000,0x00000000e1680000,0x00000000e2000000)
 ParOldGen       total 80896K, used 14009K [0x000000008be00000, 0x0000000090d00000, 0x00000000d9500000)
  object space 80896K, 17% used [0x000000008be00000,0x000000008cbae5f8,0x0000000090d00000)
 Metaspace       used 20840K, capacity 21148K, committed 21296K, reserved 1069056K
  class space    used 2565K, capacity 2677K, committed 2688K, reserved 1048576K
Event: 4,747 GC heap after
Heap after GC invocations=6 (full 1):
 PSYoungGen      total 66048K, used 0K [0x00000000d9500000, 0x00000000e2000000, 0x0000000100000000)
  eden space 61440K, 0% used [0x00000000d9500000,0x00000000d9500000,0x00000000dd100000)
  from space 4608K, 0% used [0x00000000dd100000,0x00000000dd100000,0x00000000dd580000)
  to   space 9728K, 0% used [0x00000000e1680000,0x00000000e1680000,0x00000000e2000000)
 ParOldGen       total 61952K, used 11275K [0x000000008be00000, 0x000000008fa80000, 0x00000000d9500000)
  object space 61952K, 18% used [0x000000008be00000,0x000000008c902fc8,0x000000008fa80000)
 Metaspace       used 20840K, capacity 21148K, committed 21296K, reserved 1069056K
  class space    used 2565K, capacity 2677K, committed 2688K, reserved 1048576K
}
Event: 6,079 GC heap before
{Heap before GC invocations=7 (full 1):
 PSYoungGen      total 66048K, used 61440K [0x00000000d9500000, 0x00000000e2000000, 0x0000000100000000)
  eden space 61440K, 100% used [0x00000000d9500000,0x00000000dd100000,0x00000000dd100000)
  from space 4608K, 0% used [0x00000000dd100000,0x00000000dd100000,0x00000000dd580000)
  to   space 9728K, 0% used [0x00000000e1680000,0x00000000e1680000,0x00000000e2000000)
 ParOldGen       total 61952K, used 11275K [0x000000008be00000, 0x000000008fa80000, 0x00000000d9500000)
  object space 61952K, 18% used [0x000000008be00000,0x000000008c902fc8,0x000000008fa80000)
 Metaspace       used 23910K, capacity 24218K, committed 24448K, reserved 1071104K
  class space    used 3001K, capacity 3098K, committed 3200K, reserved 1048576K
Event: 6,117 GC heap after
Heap after GC invocations=7 (full 1):
 PSYoungGen      total 99840K, used 4869K [0x00000000d9500000, 0x00000000e1b80000, 0x0000000100000000)
  eden space 94720K, 0% used [0x00000000d9500000,0x00000000d9500000,0x00000000df180000)
  from space 5120K, 95% used [0x00000000e1680000,0x00000000e1b417e8,0x00000000e1b80000)
  to   space 10240K, 0% used [0x00000000e0780000,0x00000000e0780000,0x00000000e1180000)
 ParOldGen       total 61952K, used 11283K [0x000000008be00000, 0x000000008fa80000, 0x00000000d9500000)
  object space 61952K, 18% used [0x000000008be00000,0x000000008c904fc8,0x000000008fa80000)
 Metaspace       used 23910K, capacity 24218K, committed 24448K, reserved 1071104K
  class space    used 3001K, capacity 3098K, committed 3200K, reserved 1048576K
}
Event: 8,244 GC heap before
{Heap before GC invocations=8 (full 1):
 PSYoungGen      total 99840K, used 99589K [0x00000000d9500000, 0x00000000e1b80000, 0x0000000100000000)
  eden space 94720K, 100% used [0x00000000d9500000,0x00000000df180000,0x00000000df180000)
  from space 5120K, 95% used [0x00000000e1680000,0x00000000e1b417e8,0x00000000e1b80000)
  to   space 10240K, 0% used [0x00000000e0780000,0x00000000e0780000,0x00000000e1180000)
 ParOldGen       total 61952K, used 11283K [0x000000008be00000, 0x000000008fa80000, 0x00000000d9500000)
  object space 61952K, 18% used [0x000000008be00000,0x000000008c904fc8,0x000000008fa80000)
 Metaspace       used 27654K, capacity 27970K, committed 28160K, reserved 1073152K
  class space    used 3434K, capacity 3526K, committed 3584K, reserved 1048576K
Event: 8,267 GC heap after
Heap after GC invocations=8 (full 1):
 PSYoungGen      total 127488K, used 8045K [0x00000000d9500000, 0x00000000e3400000, 0x0000000100000000)
  eden space 117248K, 0% used [0x00000000d9500000,0x00000000d9500000,0x00000000e0780000)
  from space 10240K, 78% used [0x00000000e0780000,0x00000000e0f5b560,0x00000000e1180000)
  to   space 10240K, 0% used [0x00000000e2a00000,0x00000000e2a00000,0x00000000e3400000)
 ParOldGen       total 61952K, used 11291K [0x000000008be00000, 0x000000008fa80000, 0x00000000d9500000)
  object space 61952K, 18% used [0x000000008be00000,0x000000008c906fc8,0x000000008fa80000)
 Metaspace       used 27654K, capacity 27970K, committed 28160K, reserved 1073152K
  class space    used 3434K, capacity 3526K, committed 3584K, reserved 1048576K
}
Event: 10,587 GC heap before
{Heap before GC invocations=9 (full 1):
 PSYoungGen      total 127488K, used 116316K [0x00000000d9500000, 0x00000000e3400000, 0x0000000100000000)
  eden space 117248K, 92% used [0x00000000d9500000,0x00000000dfebbaf8,0x00000000e0780000)
  from space 10240K, 78% used [0x00000000e0780000,0x00000000e0f5b560,0x00000000e1180000)
  to   space 10240K, 0% used [0x00000000e2a00000,0x00000000e2a00000,0x00000000e3400000)
 ParOldGen       total 61952K, used 11291K [0x000000008be00000, 0x000000008fa80000, 0x00000000d9500000)
  object space 61952K, 18% used [0x000000008be00000,0x000000008c906fc8,0x000000008fa80000)
 Metaspace       used 34785K, capacity 35172K, committed 35496K, reserved 1081344K
  class space    used 4415K, capacity 4529K, committed 4608K, reserved 1048576K
Event: 10,607 GC heap after
Heap after GC invocations=9 (full 1):
 PSYoungGen      total 149504K, used 10230K [0x00000000d9500000, 0x00000000e5680000, 0x0000000100000000)
  eden space 139264K, 0% used [0x00000000d9500000,0x00000000d9500000,0x00000000e1d00000)
  from space 10240K, 99% used [0x00000000e2a00000,0x00000000e33fd858,0x00000000e3400000)
  to   space 13312K, 0% used [0x00000000e1d00000,0x00000000e1d00000,0x00000000e2a00000)
 ParOldGen       total 61952K, used 15597K [0x000000008be00000, 0x000000008fa80000, 0x00000000d9500000)
  object space 61952K, 25% used [0x000000008be00000,0x000000008cd3b4b0,0x000000008fa80000)
 Metaspace       used 34785K, capacity 35172K, committed 35496K, reserved 1081344K
  class space    used 4415K, capacity 4529K, committed 4608K, reserved 1048576K
}
Event: 10,607 GC heap before
{Heap before GC invocations=10 (full 2):
 PSYoungGen      total 149504K, used 10230K [0x00000000d9500000, 0x00000000e5680000, 0x0000000100000000)
  eden space 139264K, 0% used [0x00000000d9500000,0x00000000d9500000,0x00000000e1d00000)
  from space 10240K, 99% used [0x00000000e2a00000,0x00000000e33fd858,0x00000000e3400000)
  to   space 13312K, 0% used [0x00000000e1d00000,0x00000000e1d00000,0x00000000e2a00000)
 ParOldGen       total 61952K, used 15597K [0x000000008be00000, 0x000000008fa80000, 0x00000000d9500000)
  object space 61952K, 25% used [0x000000008be00000,0x000000008cd3b4b0,0x000000008fa80000)
 Metaspace       used 34785K, capacity 35172K, committed 35496K, reserved 1081344K
  class space    used 4415K, capacity 4529K, committed 4608K, reserved 1048576K
Event: 10,753 GC heap after
Heap after GC invocations=10 (full 2):
 PSYoungGen      total 149504K, used 0K [0x00000000d9500000, 0x00000000e5680000, 0x0000000100000000)
  eden space 139264K, 0% used [0x00000000d9500000,0x00000000d9500000,0x00000000e1d00000)
  from space 10240K, 0% used [0x00000000e2a00000,0x00000000e2a00000,0x00000000e3400000)
  to   space 13312K, 0% used [0x00000000e1d00000,0x00000000e1d00000,0x00000000e2a00000)
 ParOldGen       total 101376K, used 23591K [0x000000008be00000, 0x0000000092100000, 0x00000000d9500000)
  object space 101376K, 23% used [0x000000008be00000,0x000000008d509c20,0x0000000092100000)
 Metaspace       used 34785K, capacity 35172K, committed 35496K, reserved 1081344K
  class space    used 4415K, capacity 4529K, committed 4608K, reserved 1048576K
}

