# JRE version: Java(TM) SE Runtime Environment (8.0_151-b12) (build 1.8.0_151-b12)
# Java VM: Java HotSpot(TM) 64-Bit Server VM (25.151-b12 mixed mode linux-amd64 compressed oops)
Heap:
 PSYoungGen      total 241152K, used 175830K [0x00000000d9500000, 0x00000000e9a80000, 0x0000000100000000)
  eden space 231936K, 71% used [0x00000000d9500000,0x00000000e37de0a8,0x00000000e7780000)
  from space 9216K, 98% used [0x00000000e9180000,0x00000000e9a57a00,0x00000000e9a80000)
  to   space 13312K, 58% used [0x00000000e8080000,0x00000000e8828950,0x00000000e8d80000)
 ParOldGen       total 51712K, used 9880K [0x000000008be00000, 0x000000008f080000, 0x00000000d9500000)
  object space 51712K, 19% used [0x000000008be00000,0x000000008c7a61f0,0x000000008f080000)
 Metaspace       used 34921K, capacity 35310K, committed 35496K, reserved 1081344K
  class space    used 4420K, capacity 4528K, committed 4608K, reserved 1048576K
GC Heap History (10 events):
Event: 4,984 GC heap after
Heap after GC invocations=3 (full 0):
 PSYoungGen      total 66048K, used 4597K [0x00000000d9500000, 0x00000000e1600000, 0x0000000100000000)
  eden space 61440K, 0% used [0x00000000d9500000,0x00000000d9500000,0x00000000dd100000)
  from space 4608K, 99% used [0x00000000dd100000,0x00000000dd57d470,0x00000000dd580000)
  to   space 4608K, 0% used [0x00000000e1180000,0x00000000e1180000,0x00000000e1600000)
 ParOldGen       total 80896K, used 9831K [0x000000008be00000, 0x0000000090d00000, 0x00000000d9500000)
  object space 80896K, 12% used [0x000000008be00000,0x000000008c799ca0,0x0000000090d00000)
 Metaspace       used 17219K, capacity 17422K, committed 17536K, reserved 1064960K
  class space    used 2105K, capacity 2165K, committed 2176K, reserved 1048576K
}
Event: 5,972 GC heap before
{Heap before GC invocations=4 (full 0):
 PSYoungGen      total 66048K, used 66037K [0x00000000d9500000, 0x00000000e1600000, 0x0000000100000000)
  eden space 61440K, 100% used [0x00000000d9500000,0x00000000dd100000,0x00000000dd100000)
  from space 4608K, 99% used [0x00000000dd100000,0x00000000dd57d470,0x00000000dd580000)
  to   space 4608K, 0% used [0x00000000e1180000,0x00000000e1180000,0x00000000e1600000)
 ParOldGen       total 80896K, used 9831K [0x000000008be00000, 0x0000000090d00000, 0x00000000d9500000)
  object space 80896K, 12% used [0x000000008be00000,0x000000008c799ca0,0x0000000090d00000)
 Metaspace       used 20851K, capacity 21144K, committed 21296K, reserved 1069056K
  class space    used 2559K, capacity 2647K, committed 2688K, reserved 1048576K
Event: 5,985 GC heap after
Heap after GC invocations=4 (full 0):
 PSYoungGen      total 127488K, used 4606K [0x00000000d9500000, 0x00000000e1600000, 0x0000000100000000)
  eden space 122880K, 0% used [0x00000000d9500000,0x00000000d9500000,0x00000000e0d00000)
  from space 4608K, 99% used [0x00000000e1180000,0x00000000e15ffbd8,0x00000000e1600000)
  to   space 4608K, 0% used [0x00000000e0d00000,0x00000000e0d00000,0x00000000e1180000)
 ParOldGen       total 80896K, used 14011K [0x000000008be00000, 0x0000000090d00000, 0x00000000d9500000)
  object space 80896K, 17% used [0x000000008be00000,0x000000008cbaed28,0x0000000090d00000)
 Metaspace       used 20851K, capacity 21144K, committed 21296K, reserved 1069056K
  class space    used 2559K, capacity 2647K, committed 2688K, reserved 1048576K
}
Event: 6,001 GC heap before
{Heap before GC invocations=5 (full 0):
 PSYoungGen      total 127488K, used 6539K [0x00000000d9500000, 0x00000000e1600000, 0x0000000100000000)
  eden space 122880K, 1% used [0x00000000d9500000,0x00000000d96e30a0,0x00000000e0d00000)
  from space 4608K, 99% used [0x00000000e1180000,0x00000000e15ffbd8,0x00000000e1600000)
  to   space 4608K, 0% used [0x00000000e0d00000,0x00000000e0d00000,0x00000000e1180000)
 ParOldGen       total 80896K, used 14011K [0x000000008be00000, 0x0000000090d00000, 0x00000000d9500000)
  object space 80896K, 17% used [0x000000008be00000,0x000000008cbaed28,0x0000000090d00000)
 Metaspace       used 20946K, capacity 21208K, committed 21296K, reserved 1069056K
  class space    used 2574K, capacity 2647K, committed 2688K, reserved 1048576K
Event: 6,010 GC heap after
Heap after GC invocations=5 (full 0):
 PSYoungGen      total 127488K, used 4577K [0x00000000d9500000, 0x00000000e9e00000, 0x0000000100000000)
  eden space 122880K, 0% used [0x00000000d9500000,0x00000000d9500000,0x00000000e0d00000)
  from space 4608K, 99% used [0x00000000e0d00000,0x00000000e1178440,0x00000000e1180000)
  to   space 12800K, 0% used [0x00000000e9180000,0x00000000e9180000,0x00000000e9e00000)
 ParOldGen       total 80896K, used 14092K [0x000000008be00000, 0x0000000090d00000, 0x00000000d9500000)
  object space 80896K, 17% used [0x000000008be00000,0x000000008cbc3390,0x0000000090d00000)
 Metaspace       used 20946K, capacity 21208K, committed 21296K, reserved 1069056K
  class space    used 2574K, capacity 2647K, committed 2688K, reserved 1048576K
}
Event: 6,010 GC heap before
{Heap before GC invocations=6 (full 1):
 PSYoungGen      total 127488K, used 4577K [0x00000000d9500000, 0x00000000e9e00000, 0x0000000100000000)
  eden space 122880K, 0% used [0x00000000d9500000,0x00000000d9500000,0x00000000e0d00000)
  from space 4608K, 99% used [0x00000000e0d00000,0x00000000e1178440,0x00000000e1180000)
  to   space 12800K, 0% used [0x00000000e9180000,0x00000000e9180000,0x00000000e9e00000)
 ParOldGen       total 80896K, used 14092K [0x000000008be00000, 0x0000000090d00000, 0x00000000d9500000)
  object space 80896K, 17% used [0x000000008be00000,0x000000008cbc3390,0x0000000090d00000)
 Metaspace       used 20946K, capacity 21208K, committed 21296K, reserved 1069056K
  class space    used 2574K, capacity 2647K, committed 2688K, reserved 1048576K
Event: 6,068 GC heap after
Heap after GC invocations=6 (full 1):
 PSYoungGen      total 127488K, used 0K [0x00000000d9500000, 0x00000000e9e00000, 0x0000000100000000)
  eden space 122880K, 0% used [0x00000000d9500000,0x00000000d9500000,0x00000000e0d00000)
  from space 4608K, 0% used [0x00000000e0d00000,0x00000000e0d00000,0x00000000e1180000)
  to   space 12800K, 0% used [0x00000000e9180000,0x00000000e9180000,0x00000000e9e00000)
 ParOldGen       total 51712K, used 9856K [0x000000008be00000, 0x000000008f080000, 0x00000000d9500000)
  object space 51712K, 19% used [0x000000008be00000,0x000000008c7a01e0,0x000000008f080000)
 Metaspace       used 20946K, capacity 21208K, committed 21296K, reserved 1069056K
  class space    used 2574K, capacity 2647K, committed 2688K, reserved 1048576K
}
Event: 8,464 GC heap before
{Heap before GC invocations=7 (full 1):
 PSYoungGen      total 127488K, used 122880K [0x00000000d9500000, 0x00000000e9e00000, 0x0000000100000000)
  eden space 122880K, 100% used [0x00000000d9500000,0x00000000e0d00000,0x00000000e0d00000)
  from space 4608K, 0% used [0x00000000e0d00000,0x00000000e0d00000,0x00000000e1180000)
  to   space 12800K, 0% used [0x00000000e9180000,0x00000000e9180000,0x00000000e9e00000)
 ParOldGen       total 51712K, used 9856K [0x000000008be00000, 0x000000008f080000, 0x00000000d9500000)
  object space 51712K, 19% used [0x000000008be00000,0x000000008c7a01e0,0x000000008f080000)
 Metaspace       used 26836K, capacity 27192K, committed 27264K, reserved 1073152K
  class space    used 3345K, capacity 3431K, committed 3456K, reserved 1048576K
Event: 8,483 GC heap after
Heap after GC invocations=7 (full 1):
 PSYoungGen      total 241152K, used 9054K [0x00000000d9500000, 0x00000000e9a80000, 0x0000000100000000)
  eden space 231936K, 0% used [0x00000000d9500000,0x00000000d9500000,0x00000000e7780000)
  from space 9216K, 98% used [0x00000000e9180000,0x00000000e9a57a00,0x00000000e9a80000)
  to   space 13312K, 0% used [0x00000000e8080000,0x00000000e8080000,0x00000000e8d80000)
 ParOldGen       total 51712K, used 9864K [0x000000008be00000, 0x000000008f080000, 0x00000000d9500000)
  object space 51712K, 19% used [0x000000008be00000,0x000000008c7a21e0,0x000000008f080000)
 Metaspace       used 26836K, capacity 27192K, committed 27264K, reserved 1073152K
  class space    used 3345K, capacity 3431K, committed 3456K, reserved 1048576K
}
Event: 12,587 GC heap before
{Heap before GC invocations=8 (full 1):
 PSYoungGen      total 241152K, used 175830K [0x00000000d9500000, 0x00000000e9a80000, 0x0000000100000000)
  eden space 231936K, 71% used [0x00000000d9500000,0x00000000e37de0a8,0x00000000e7780000)
  from space 9216K, 98% used [0x00000000e9180000,0x00000000e9a57a00,0x00000000e9a80000)
  to   space 13312K, 0% used [0x00000000e8080000,0x00000000e8080000,0x00000000e8d80000)
 ParOldGen       total 51712K, used 9864K [0x000000008be00000, 0x000000008f080000, 0x00000000d9500000)
  object space 51712K, 19% used [0x000000008be00000,0x000000008c7a21e0,0x000000008f080000)
 Metaspace       used 34921K, capacity 35310K, committed 35496K, reserved 1081344K
  class space    used 4420K, capacity 4528K, committed 4608K, reserved 1048576K

